<?xml version="1.0" encoding="UTF-8"?>
<testng-results ignored="0" total="2" passed="1" failed="1" skipped="0">
  <reporter-output>
  </reporter-output>
  <suite started-at="2024-11-17T14:17:53 IST" name="Suite" finished-at="2024-11-17T14:18:04 IST" duration-ms="11512">
    <groups>
    </groups>
    <test started-at="2024-11-17T14:17:53 IST" name="Test" finished-at="2024-11-17T14:18:04 IST" duration-ms="11512">
      <class name="TestCases.registerTestCases">
        <test-method is-config="true" signature="ExtentReport()[pri:0, instance:TestCases.registerTestCases@dd05255]" started-at="2024-11-17T14:17:53 IST" name="ExtentReport" finished-at="2024-11-17T14:17:53 IST" duration-ms="259" status="PASS">
          <reporter-output>
          </reporter-output>
        </test-method> <!-- ExtentReport -->
        <test-method is-config="true" signature="browserLaunch()[pri:0, instance:TestCases.registerTestCases@dd05255]" started-at="2024-11-17T14:17:53 IST" name="browserLaunch" finished-at="2024-11-17T14:17:57 IST" duration-ms="3778" status="PASS">
          <reporter-output>
          </reporter-output>
        </test-method> <!-- browserLaunch -->
        <test-method signature="verifyRegsiterationWithBlankData()[pri:0, instance:TestCases.registerTestCases@dd05255]" started-at="2024-11-17T14:17:57 IST" name="verifyRegsiterationWithBlankData" finished-at="2024-11-17T14:17:57 IST" duration-ms="721" status="FAIL">
          <exception class="java.lang.AssertionError">
            <message>
              <![CDATA[The following asserts failed:
expected [//First Name must be between 1 and 32 characters!] but found [First Name must be between 1 and 32 characters!]]]>
            </message>
            <full-stacktrace>
              <![CDATA[java.lang.AssertionError: The following asserts failed:
expected [//First Name must be between 1 and 32 characters!] but found [First Name must be between 1 and 32 characters!]
at org.testng.asserts.SoftAssert.assertAll(SoftAssert.java:46)
at org.testng.asserts.SoftAssert.assertAll(SoftAssert.java:30)
at Resources.commonMethods.handleAssertion(commonMethods.java:20)
at TestCases.registerTestCases.verifyRegsiterationWithBlankData(registerTestCases.java:54)
at java.base/jdk.internal.reflect.DirectMethodHandleAccessor.invoke(DirectMethodHandleAccessor.java:103)
at java.base/java.lang.reflect.Method.invoke(Method.java:580)
at org.testng.internal.invokers.MethodInvocationHelper.invokeMethod(MethodInvocationHelper.java:141)
at org.testng.internal.invokers.TestInvoker.invokeMethod(TestInvoker.java:686)
at org.testng.internal.invokers.TestInvoker.invokeTestMethod(TestInvoker.java:230)
at org.testng.internal.invokers.MethodRunner.runInSequence(MethodRunner.java:63)
at org.testng.internal.invokers.TestInvoker$MethodInvocationAgent.invoke(TestInvoker.java:992)
at org.testng.internal.invokers.TestInvoker.invokeTestMethods(TestInvoker.java:203)
at org.testng.internal.invokers.TestMethodWorker.invokeTestMethods(TestMethodWorker.java:154)
at org.testng.internal.invokers.TestMethodWorker.run(TestMethodWorker.java:134)
at java.base/java.util.ArrayList.forEach(ArrayList.java:1596)
at org.testng.TestRunner.privateRun(TestRunner.java:739)
at org.testng.TestRunner.run(TestRunner.java:614)
at org.testng.SuiteRunner.runTest(SuiteRunner.java:421)
at org.testng.SuiteRunner.runSequentially(SuiteRunner.java:413)
at org.testng.SuiteRunner.privateRun(SuiteRunner.java:373)
at org.testng.SuiteRunner.run(SuiteRunner.java:312)
at org.testng.SuiteRunnerWorker.runSuite(SuiteRunnerWorker.java:52)
at org.testng.SuiteRunnerWorker.run(SuiteRunnerWorker.java:95)
at org.testng.TestNG.runSuitesSequentially(TestNG.java:1274)
at org.testng.TestNG.runSuitesLocally(TestNG.java:1208)
at org.testng.TestNG.runSuites(TestNG.java:1112)
at org.testng.TestNG.run(TestNG.java:1079)
at org.testng.remote.AbstractRemoteTestNG.run(AbstractRemoteTestNG.java:115)
at org.testng.remote.RemoteTestNG.initAndRun(RemoteTestNG.java:293)
at org.testng.remote.RemoteTestNG.main(RemoteTestNG.java:91)
]]>
            </full-stacktrace>
          </exception> <!-- java.lang.AssertionError -->
          <reporter-output>
          </reporter-output>
        </test-method> <!-- verifyRegsiterationWithBlankData -->
        <test-method is-config="true" signature="browserClose()[pri:0, instance:TestCases.registerTestCases@dd05255]" started-at="2024-11-17T14:17:58 IST" name="browserClose" finished-at="2024-11-17T14:17:58 IST" duration-ms="127" status="PASS">
          <reporter-output>
          </reporter-output>
        </test-method> <!-- browserClose -->
        <test-method is-config="true" signature="browserLaunch()[pri:0, instance:TestCases.registerTestCases@dd05255]" started-at="2024-11-17T14:17:58 IST" name="browserLaunch" finished-at="2024-11-17T14:18:02 IST" duration-ms="4708" status="PASS">
          <reporter-output>
          </reporter-output>
        </test-method> <!-- browserLaunch -->
        <test-method signature="verifyRegsiterationWithValidData()[pri:0, instance:TestCases.registerTestCases@dd05255]" started-at="2024-11-17T14:18:02 IST" name="verifyRegsiterationWithValidData" finished-at="2024-11-17T14:18:04 IST" duration-ms="1922" status="PASS">
          <reporter-output>
          </reporter-output>
        </test-method> <!-- verifyRegsiterationWithValidData -->
        <test-method is-config="true" signature="browserClose()[pri:0, instance:TestCases.registerTestCases@dd05255]" started-at="2024-11-17T14:18:04 IST" name="browserClose" finished-at="2024-11-17T14:18:04 IST" duration-ms="126" status="PASS">
          <reporter-output>
          </reporter-output>
        </test-method> <!-- browserClose -->
        <test-method is-config="true" signature="endReport()[pri:0, instance:TestCases.registerTestCases@dd05255]" started-at="2024-11-17T14:18:04 IST" name="endReport" finished-at="2024-11-17T14:18:05 IST" duration-ms="303" status="PASS">
          <reporter-output>
          </reporter-output>
        </test-method> <!-- endReport -->
      </class> <!-- TestCases.registerTestCases -->
    </test> <!-- Test -->
  </suite> <!-- Suite -->
</testng-results>
